app/build/intermediates/manifest_merge_blame_file/debug/processDebugMainManifest/manifest-merger-blame-debug-report.txt
1<?xml version="1.0" encoding="utf-8"?>
2<manifest xmlns:android="http://schemas.android.com/apk/res/android"
3    package="com.didi.voiceblocker"
4    android:versionCode="1"
5    android:versionName="1.0" >
6
7    <uses-sdk
8        android:minSdkVersion="26"
9        android:targetSdkVersion="34" />
10
11    <uses-permission android:name="android.permission.MODIFY_AUDIO_SETTINGS" />
11-->src/main/AndroidManifest.xml:5:5-80
11-->src/main/AndroidManifest.xml:5:22-77
12    <uses-permission android:name="android.permission.FOREGROUND_SERVICE" />
12-->src/main/AndroidManifest.xml:6:5-77
12-->src/main/AndroidManifest.xml:6:22-74
13    <uses-permission android:name="android.permission.FOREGROUND_SERVICE_SPECIAL_USE" />
13-->src/main/AndroidManifest.xml:7:5-89
13-->src/main/AndroidManifest.xml:7:22-86
14    <uses-permission android:name="android.permission.SYSTEM_ALERT_WINDOW" />
14-->src/main/AndroidManifest.xml:8:5-78
14-->src/main/AndroidManifest.xml:8:22-75
15    <uses-permission android:name="android.permission.POST_NOTIFICATIONS" />
15-->src/main/AndroidManifest.xml:9:5-77
15-->src/main/AndroidManifest.xml:9:22-74
16    <uses-permission android:name="android.permission.RECEIVE_BOOT_COMPLETED" />
16-->src/main/AndroidManifest.xml:10:5-81
16-->src/main/AndroidManifest.xml:10:22-78
17    <uses-permission android:name="android.permission.QUERY_ALL_PACKAGES" />
17-->src/main/AndroidManifest.xml:11:5-12:53
17-->src/main/AndroidManifest.xml:11:22-74
18
19    <permission
19-->[androidx.core:core:1.12.0] AndroidManifest.xml:22:5-24:47
20        android:name="com.didi.voiceblocker.DYNAMIC_RECEIVER_NOT_EXPORTED_PERMISSION"
20-->[androidx.core:core:1.12.0] AndroidManifest.xml:23:9-81
21        android:protectionLevel="signature" />
21-->[androidx.core:core:1.12.0] AndroidManifest.xml:24:9-44
22
23    <uses-permission android:name="com.didi.voiceblocker.DYNAMIC_RECEIVER_NOT_EXPORTED_PERMISSION" />
23-->[androidx.core:core:1.12.0] AndroidManifest.xml:26:5-97
23-->[androidx.core:core:1.12.0] AndroidManifest.xml:26:22-94
24
25    <application
25-->src/main/AndroidManifest.xml:14:5-83:19
26        android:allowBackup="true"
26-->src/main/AndroidManifest.xml:15:9-35
27        android:appComponentFactory="androidx.core.app.CoreComponentFactory"
27-->[androidx.core:core:1.12.0] AndroidManifest.xml:28:18-86
28        android:debuggable="true"
29        android:extractNativeLibs="false"
30        android:icon="@mipmap/ic_launcher"
30-->src/main/AndroidManifest.xml:16:9-43
31        android:label="@string/app_name"
31-->src/main/AndroidManifest.xml:17:9-41
32        android:supportsRtl="true"
32-->src/main/AndroidManifest.xml:18:9-35
33        android:theme="@style/Theme.DidiVoiceBlocker" >
33-->src/main/AndroidManifest.xml:19:9-54
34        <activity
34-->src/main/AndroidManifest.xml:21:9-29:20
35            android:name="com.didi.voiceblocker.MainActivity"
35-->src/main/AndroidManifest.xml:22:13-41
36            android:exported="true"
36-->src/main/AndroidManifest.xml:23:13-36
37            android:launchMode="singleTop" >
37-->src/main/AndroidManifest.xml:24:13-43
38            <intent-filter>
38-->src/main/AndroidManifest.xml:25:13-28:29
39                <action android:name="android.intent.action.MAIN" />
39-->src/main/AndroidManifest.xml:26:17-69
39-->src/main/AndroidManifest.xml:26:25-66
40
41                <category android:name="android.intent.category.LAUNCHER" />
41-->src/main/AndroidManifest.xml:27:17-77
41-->src/main/AndroidManifest.xml:27:27-74
42            </intent-filter>
43        </activity>
44
45        <service
45-->src/main/AndroidManifest.xml:31:9-41:19
46            android:name="com.didi.voiceblocker.SmartVoiceBlocker"
46-->src/main/AndroidManifest.xml:32:13-46
47            android:exported="false"
47-->src/main/AndroidManifest.xml:33:13-37
48            android:permission="android.permission.BIND_ACCESSIBILITY_SERVICE" >
48-->src/main/AndroidManifest.xml:34:13-79
49            <intent-filter>
49-->src/main/AndroidManifest.xml:35:13-37:29
50                <action android:name="android.accessibilityservice.AccessibilityService" />
50-->src/main/AndroidManifest.xml:36:17-92
50-->src/main/AndroidManifest.xml:36:25-89
51            </intent-filter>
52
53            <meta-data
53-->src/main/AndroidManifest.xml:38:13-40:64
54                android:name="android.accessibilityservice"
54-->src/main/AndroidManifest.xml:39:17-60
55                android:resource="@xml/accessibility_config" />
55-->src/main/AndroidManifest.xml:40:17-61
56        </service>
57        <service
57-->src/main/AndroidManifest.xml:43:9-46:61
58            android:name="com.didi.voiceblocker.AudioMonitorService"
58-->src/main/AndroidManifest.xml:44:13-48
59            android:exported="false"
59-->src/main/AndroidManifest.xml:45:13-37
60            android:foregroundServiceType="mediaPlayback" />
60-->src/main/AndroidManifest.xml:46:13-58
61        <service
61-->src/main/AndroidManifest.xml:48:9-51:58
62            android:name="com.didi.voiceblocker.FloatingBallService"
62-->src/main/AndroidManifest.xml:49:13-48
63            android:exported="false"
63-->src/main/AndroidManifest.xml:50:13-37
64            android:foregroundServiceType="specialUse" />
64-->src/main/AndroidManifest.xml:51:13-55
65
66        <receiver
66-->src/main/AndroidManifest.xml:53:9-59:20
67            android:name="com.didi.voiceblocker.BootReceiver"
67-->src/main/AndroidManifest.xml:54:13-41
68            android:exported="false" >
68-->src/main/AndroidManifest.xml:55:13-37
69            <intent-filter>
69-->src/main/AndroidManifest.xml:56:13-58:29
70                <action android:name="android.intent.action.BOOT_COMPLETED" />
70-->src/main/AndroidManifest.xml:57:17-79
70-->src/main/AndroidManifest.xml:57:25-76
71            </intent-filter>
72        </receiver>
73
74        <service
74-->src/main/AndroidManifest.xml:61:9-64:58
75            android:name="com.didi.voiceblocker.DriverTimerService"
75-->src/main/AndroidManifest.xml:62:13-47
76            android:exported="false"
76-->src/main/AndroidManifest.xml:63:13-37
77            android:foregroundServiceType="specialUse" />
77-->src/main/AndroidManifest.xml:64:13-55
78        <service
78-->src/main/AndroidManifest.xml:66:9-69:58
79            android:name="com.didi.voiceblocker.DashboardOverlayService"
79-->src/main/AndroidManifest.xml:67:13-52
80            android:exported="false"
80-->src/main/AndroidManifest.xml:68:13-37
81            android:foregroundServiceType="specialUse" />
81-->src/main/AndroidManifest.xml:69:13-55
82        <service
82-->src/main/AndroidManifest.xml:71:9-81:19
83            android:name="com.didi.voiceblocker.DashboardAccessibilityService"
83-->src/main/AndroidManifest.xml:72:13-58
84            android:exported="true"
84-->src/main/AndroidManifest.xml:73:13-36
85            android:permission="android.permission.BIND_ACCESSIBILITY_SERVICE" >
85-->src/main/AndroidManifest.xml:74:13-79
86            <intent-filter>
86-->src/main/AndroidManifest.xml:35:13-37:29
87                <action android:name="android.accessibilityservice.AccessibilityService" />
87-->src/main/AndroidManifest.xml:36:17-92
87-->src/main/AndroidManifest.xml:36:25-89
88            </intent-filter>
89
90            <meta-data
90-->src/main/AndroidManifest.xml:38:13-40:64
91                android:name="android.accessibilityservice"
91-->src/main/AndroidManifest.xml:39:17-60
92                android:resource="@xml/dashboard_accessibility_config" />
92-->src/main/AndroidManifest.xml:40:17-61
93        </service>
94
95        <provider
95-->[androidx.emoji2:emoji2:1.2.0] AndroidManifest.xml:24:9-32:20
96            android:name="androidx.startup.InitializationProvider"
96-->[androidx.emoji2:emoji2:1.2.0] AndroidManifest.xml:25:13-67
97            android:authorities="com.didi.voiceblocker.androidx-startup"
97-->[androidx.emoji2:emoji2:1.2.0] AndroidManifest.xml:26:13-68
98            android:exported="false" >
98-->[androidx.emoji2:emoji2:1.2.0] AndroidManifest.xml:27:13-37
99            <meta-data
99-->[androidx.emoji2:emoji2:1.2.0] AndroidManifest.xml:29:13-31:52
100                android:name="androidx.emoji2.text.EmojiCompatInitializer"
100-->[androidx.emoji2:emoji2:1.2.0] AndroidManifest.xml:30:17-75
101                android:value="androidx.startup" />
101-->[androidx.emoji2:emoji2:1.2.0] AndroidManifest.xml:31:17-49
102            <meta-data
102-->[androidx.lifecycle:lifecycle-process:2.6.1] AndroidManifest.xml:29:13-31:52
103                android:name="androidx.lifecycle.ProcessLifecycleInitializer"
103-->[androidx.lifecycle:lifecycle-process:2.6.1] AndroidManifest.xml:30:17-78
104                android:value="androidx.startup" />
104-->[androidx.lifecycle:lifecycle-process:2.6.1] AndroidManifest.xml:31:17-49
105            <meta-data
105-->[androidx.profileinstaller:profileinstaller:1.3.0] AndroidManifest.xml:29:13-31:52
106                android:name="androidx.profileinstaller.ProfileInstallerInitializer"
106-->[androidx.profileinstaller:profileinstaller:1.3.0] AndroidManifest.xml:30:17-85
107                android:value="androidx.startup" />
107-->[androidx.profileinstaller:profileinstaller:1.3.0] AndroidManifest.xml:31:17-49
108        </provider>
109
110        <receiver
110-->[androidx.profileinstaller:profileinstaller:1.3.0] AndroidManifest.xml:34:9-52:20
111            android:name="androidx.profileinstaller.ProfileInstallReceiver"
111-->[androidx.profileinstaller:profileinstaller:1.3.0] AndroidManifest.xml:35:13-76
112            android:directBootAware="false"
112-->[androidx.profileinstaller:profileinstaller:1.3.0] AndroidManifest.xml:36:13-44
113            android:enabled="true"
113-->[androidx.profileinstaller:profileinstaller:1.3.0] AndroidManifest.xml:37:13-35
114            android:exported="true"
114-->[androidx.profileinstaller:profileinstaller:1.3.0] AndroidManifest.xml:38:13-36
115            android:permission="android.permission.DUMP" >
115-->[androidx.profileinstaller:profileinstaller:1.3.0] AndroidManifest.xml:39:13-57
116            <intent-filter>
116-->[androidx.profileinstaller:profileinstaller:1.3.0] AndroidManifest.xml:40:13-42:29
117                <action android:name="androidx.profileinstaller.action.INSTALL_PROFILE" />
117-->[androidx.profileinstaller:profileinstaller:1.3.0] AndroidManifest.xml:41:17-91
117-->[androidx.profileinstaller:profileinstaller:1.3.0] AndroidManifest.xml:41:25-88
118            </intent-filter>
119            <intent-filter>
119-->[androidx.profileinstaller:profileinstaller:1.3.0] AndroidManifest.xml:43:13-45:29
120                <action android:name="androidx.profileinstaller.action.SKIP_FILE" />
120-->[androidx.profileinstaller:profileinstaller:1.3.0] AndroidManifest.xml:44:17-85
120-->[androidx.profileinstaller:profileinstaller:1.3.0] AndroidManifest.xml:44:25-82
121            </intent-filter>
122            <intent-filter>
122-->[androidx.profileinstaller:profileinstaller:1.3.0] AndroidManifest.xml:46:13-48:29
123                <action android:name="androidx.profileinstaller.action.SAVE_PROFILE" />
123-->[androidx.profileinstaller:profileinstaller:1.3.0] AndroidManifest.xml:47:17-88
123-->[androidx.profileinstaller:profileinstaller:1.3.0] AndroidManifest.xml:47:25-85
124            </intent-filter>
125            <intent-filter>
125-->[androidx.profileinstaller:profileinstaller:1.3.0] AndroidManifest.xml:49:13-51:29
126                <action android:name="androidx.profileinstaller.action.BENCHMARK_OPERATION" />
126-->[androidx.profileinstaller:profileinstaller:1.3.0] AndroidManifest.xml:50:17-95
126-->[androidx.profileinstaller:profileinstaller:1.3.0] AndroidManifest.xml:50:25-92
127            </intent-filter>
128        </receiver>
129    </application>
130
131</manifest>